Started GET "/OData/" for ::1 at 2018-05-29 13:45:34 -0600
  
Gem::LoadError (Error loading the 'sqlite3' Active Record adapter. Missing a gem it depends on? sqlite3 is not part of the bundle. Add it to your Gemfile.):
  
bundler (1.16.1) lib/bundler/rubygems_integration.rb:404:in `block (2 levels) in replace_gem'
activerecord (5.2.0) lib/active_record/connection_adapters/sqlite3_adapter.rb:12:in `<top (required)>'
activesupport (5.2.0) lib/active_support/dependencies.rb:283:in `require'
activesupport (5.2.0) lib/active_support/dependencies.rb:283:in `block in require'
activesupport (5.2.0) lib/active_support/dependencies.rb:249:in `load_dependency'
activesupport (5.2.0) lib/active_support/dependencies.rb:283:in `require'
activerecord (5.2.0) lib/active_record/connection_adapters/connection_specification.rb:191:in `spec'
activerecord (5.2.0) lib/active_record/connection_adapters/abstract/connection_pool.rb:950:in `establish_connection'
activerecord (5.2.0) lib/active_record/connection_handling.rb:60:in `establish_connection'
activerecord (5.2.0) lib/active_record/railtie.rb:136:in `block (2 levels) in <class:Railtie>'
activesupport (5.2.0) lib/active_support/lazy_load_hooks.rb:71:in `instance_eval'
activesupport (5.2.0) lib/active_support/lazy_load_hooks.rb:71:in `block in execute_hook'
activesupport (5.2.0) lib/active_support/lazy_load_hooks.rb:62:in `with_execution_control'
activesupport (5.2.0) lib/active_support/lazy_load_hooks.rb:67:in `execute_hook'
activesupport (5.2.0) lib/active_support/lazy_load_hooks.rb:52:in `block in run_load_hooks'
activesupport (5.2.0) lib/active_support/lazy_load_hooks.rb:51:in `each'
activesupport (5.2.0) lib/active_support/lazy_load_hooks.rb:51:in `run_load_hooks'
activerecord (5.2.0) lib/active_record/base.rb:328:in `<module:ActiveRecord>'
activerecord (5.2.0) lib/active_record/base.rb:27:in `<top (required)>'
activesupport (5.2.0) lib/active_support/dependencies.rb:283:in `require'
activesupport (5.2.0) lib/active_support/dependencies.rb:283:in `block in require'
activesupport (5.2.0) lib/active_support/dependencies.rb:249:in `load_dependency'
activesupport (5.2.0) lib/active_support/dependencies.rb:283:in `require'
activerecord (5.2.0) lib/active_record/migration.rb:554:in `call'
actionpack (5.2.0) lib/action_dispatch/middleware/callbacks.rb:28:in `block in call'
activesupport (5.2.0) lib/active_support/callbacks.rb:98:in `run_callbacks'
actionpack (5.2.0) lib/action_dispatch/middleware/callbacks.rb:26:in `call'
actionpack (5.2.0) lib/action_dispatch/middleware/executor.rb:14:in `call'
actionpack (5.2.0) lib/action_dispatch/middleware/debug_exceptions.rb:61:in `call'
actionpack (5.2.0) lib/action_dispatch/middleware/show_exceptions.rb:33:in `call'
railties (5.2.0) lib/rails/rack/logger.rb:38:in `call_app'
railties (5.2.0) lib/rails/rack/logger.rb:26:in `block in call'
activesupport (5.2.0) lib/active_support/tagged_logging.rb:71:in `block in tagged'
activesupport (5.2.0) lib/active_support/tagged_logging.rb:28:in `tagged'
activesupport (5.2.0) lib/active_support/tagged_logging.rb:71:in `tagged'
railties (5.2.0) lib/rails/rack/logger.rb:26:in `call'
sprockets-rails (3.2.1) lib/sprockets/rails/quiet_assets.rb:13:in `call'
actionpack (5.2.0) lib/action_dispatch/middleware/remote_ip.rb:81:in `call'
actionpack (5.2.0) lib/action_dispatch/middleware/request_id.rb:27:in `call'
rack (2.0.5) lib/rack/method_override.rb:22:in `call'
rack (2.0.5) lib/rack/runtime.rb:22:in `call'
activesupport (5.2.0) lib/active_support/cache/strategy/local_cache_middleware.rb:29:in `call'
actionpack (5.2.0) lib/action_dispatch/middleware/executor.rb:14:in `call'
actionpack (5.2.0) lib/action_dispatch/middleware/static.rb:127:in `call'
rack (2.0.5) lib/rack/sendfile.rb:111:in `call'
railties (5.2.0) lib/rails/engine.rb:524:in `call'
rack (2.0.5) lib/rack/handler/webrick.rb:86:in `service'
/Users/tschmelmer/.rbenv/versions/2.4.1/lib/ruby/2.4.0/webrick/httpserver.rb:140:in `service'
/Users/tschmelmer/.rbenv/versions/2.4.1/lib/ruby/2.4.0/webrick/httpserver.rb:96:in `run'
/Users/tschmelmer/.rbenv/versions/2.4.1/lib/ruby/2.4.0/webrick/server.rb:290:in `block in start_thread'
Started GET "/OData/" for ::1 at 2018-05-29 13:52:56 -0600
  
ActionController::RoutingError (No route matches [GET] "/OData"):
  
actionpack (5.2.0) lib/action_dispatch/middleware/debug_exceptions.rb:65:in `call'
actionpack (5.2.0) lib/action_dispatch/middleware/show_exceptions.rb:33:in `call'
railties (5.2.0) lib/rails/rack/logger.rb:38:in `call_app'
railties (5.2.0) lib/rails/rack/logger.rb:26:in `block in call'
activesupport (5.2.0) lib/active_support/tagged_logging.rb:71:in `block in tagged'
activesupport (5.2.0) lib/active_support/tagged_logging.rb:28:in `tagged'
activesupport (5.2.0) lib/active_support/tagged_logging.rb:71:in `tagged'
railties (5.2.0) lib/rails/rack/logger.rb:26:in `call'
sprockets-rails (3.2.1) lib/sprockets/rails/quiet_assets.rb:13:in `call'
actionpack (5.2.0) lib/action_dispatch/middleware/remote_ip.rb:81:in `call'
actionpack (5.2.0) lib/action_dispatch/middleware/request_id.rb:27:in `call'
rack (2.0.5) lib/rack/method_override.rb:22:in `call'
rack (2.0.5) lib/rack/runtime.rb:22:in `call'
activesupport (5.2.0) lib/active_support/cache/strategy/local_cache_middleware.rb:29:in `call'
actionpack (5.2.0) lib/action_dispatch/middleware/executor.rb:14:in `call'
actionpack (5.2.0) lib/action_dispatch/middleware/static.rb:127:in `call'
rack (2.0.5) lib/rack/sendfile.rb:111:in `call'
railties (5.2.0) lib/rails/engine.rb:524:in `call'
rack (2.0.5) lib/rack/handler/webrick.rb:86:in `service'
/Users/tschmelmer/.rbenv/versions/2.4.1/lib/ruby/2.4.0/webrick/httpserver.rb:140:in `service'
/Users/tschmelmer/.rbenv/versions/2.4.1/lib/ruby/2.4.0/webrick/httpserver.rb:96:in `run'
/Users/tschmelmer/.rbenv/versions/2.4.1/lib/ruby/2.4.0/webrick/server.rb:290:in `block in start_thread'
  [1m[35m (0.1ms)[0m  [1m[34mSELECT sqlite_version(*)[0m
  ↳ /Users/tschmelmer/code/trailhead-odata/odata/bin/rails:14
  [1m[35m (1.7ms)[0m  [1m[35mCREATE TABLE "schema_migrations" ("version" varchar NOT NULL PRIMARY KEY)[0m
  ↳ /Users/tschmelmer/code/trailhead-odata/odata/bin/rails:14
  [1m[35m (1.0ms)[0m  [1m[35mCREATE TABLE "ar_internal_metadata" ("key" varchar NOT NULL PRIMARY KEY, "value" varchar, "created_at" datetime NOT NULL, "updated_at" datetime NOT NULL)[0m
  ↳ /Users/tschmelmer/code/trailhead-odata/odata/bin/rails:14
  [1m[36mActiveRecord::InternalMetadata Load (0.2ms)[0m  [1m[34mSELECT  "ar_internal_metadata".* FROM "ar_internal_metadata" WHERE "ar_internal_metadata"."key" = ? LIMIT ?[0m  [["key", "environment"], ["LIMIT", 1]]
  ↳ /Users/tschmelmer/code/trailhead-odata/odata/bin/rails:14
  [1m[35m (0.0ms)[0m  [1m[36mbegin transaction[0m
  ↳ /Users/tschmelmer/code/trailhead-odata/odata/bin/rails:14
  [1m[36mActiveRecord::InternalMetadata Create (0.3ms)[0m  [1m[32mINSERT INTO "ar_internal_metadata" ("key", "value", "created_at", "updated_at") VALUES (?, ?, ?, ?)[0m  [["key", "environment"], ["value", "development"], ["created_at", "2018-05-29 21:38:56.767161"], ["updated_at", "2018-05-29 21:38:56.767161"]]
  ↳ /Users/tschmelmer/code/trailhead-odata/odata/bin/rails:14
  [1m[35m (0.8ms)[0m  [1m[36mcommit transaction[0m
  ↳ /Users/tschmelmer/code/trailhead-odata/odata/bin/rails:14
  [1m[35m (0.1ms)[0m  [1m[34mSELECT "schema_migrations"."version" FROM "schema_migrations" ORDER BY "schema_migrations"."version" ASC[0m
  ↳ /Users/tschmelmer/code/trailhead-odata/odata/bin/rails:14
  [1m[35m (0.1ms)[0m  [1m[34mSELECT "schema_migrations"."version" FROM "schema_migrations" ORDER BY "schema_migrations"."version" ASC[0m
  ↳ /Users/tschmelmer/.rbenv/versions/2.4.1/lib/ruby/gems/2.4.0/gems/rake-12.3.1/lib/rake/task.rb:271
  [1m[35m (0.1ms)[0m  [1m[34mSELECT "schema_migrations"."version" FROM "schema_migrations" ORDER BY "schema_migrations"."version" ASC[0m
  ↳ /Users/tschmelmer/.rbenv/versions/2.4.1/lib/ruby/gems/2.4.0/gems/rake-12.3.1/lib/rake/task.rb:271
  [1m[35m (0.0ms)[0m  [1m[34mSELECT sqlite_version(*)[0m
  ↳ db/schema.rb:13
  [1m[35m (1.8ms)[0m  [1m[35mCREATE TABLE "schema_migrations" ("version" varchar NOT NULL PRIMARY KEY)[0m
  ↳ db/schema.rb:13
  [1m[35m (0.1ms)[0m  [1m[34mSELECT "schema_migrations"."version" FROM "schema_migrations" ORDER BY "schema_migrations"."version" ASC[0m
  ↳ db/schema.rb:13
  [1m[35m (0.8ms)[0m  [1m[32mINSERT INTO "schema_migrations" (version) VALUES (0)[0m
  ↳ db/schema.rb:13
  [1m[35m (1.0ms)[0m  [1m[35mCREATE TABLE "ar_internal_metadata" ("key" varchar NOT NULL PRIMARY KEY, "value" varchar, "created_at" datetime NOT NULL, "updated_at" datetime NOT NULL)[0m
  ↳ db/schema.rb:13
  [1m[36mActiveRecord::InternalMetadata Load (0.1ms)[0m  [1m[34mSELECT  "ar_internal_metadata".* FROM "ar_internal_metadata" WHERE "ar_internal_metadata"."key" = ? LIMIT ?[0m  [["key", "environment"], ["LIMIT", 1]]
  ↳ db/schema.rb:13
  [1m[35m (0.0ms)[0m  [1m[36mbegin transaction[0m
  ↳ db/schema.rb:13
  [1m[36mActiveRecord::InternalMetadata Create (0.3ms)[0m  [1m[32mINSERT INTO "ar_internal_metadata" ("key", "value", "created_at", "updated_at") VALUES (?, ?, ?, ?)[0m  [["key", "environment"], ["value", "development"], ["created_at", "2018-05-30 00:30:13.982287"], ["updated_at", "2018-05-30 00:30:13.982287"]]
  ↳ db/schema.rb:13
  [1m[35m (0.7ms)[0m  [1m[36mcommit transaction[0m
  ↳ db/schema.rb:13
  [1m[36mActiveRecord::InternalMetadata Load (0.1ms)[0m  [1m[34mSELECT  "ar_internal_metadata".* FROM "ar_internal_metadata" WHERE "ar_internal_metadata"."key" = ? LIMIT ?[0m  [["key", "environment"], ["LIMIT", 1]]
  ↳ /Users/tschmelmer/.rbenv/versions/2.4.1/lib/ruby/gems/2.4.0/gems/rake-12.3.1/lib/rake/task.rb:271
  [1m[35m (0.0ms)[0m  [1m[36mbegin transaction[0m
  ↳ /Users/tschmelmer/.rbenv/versions/2.4.1/lib/ruby/gems/2.4.0/gems/rake-12.3.1/lib/rake/task.rb:271
  [1m[36mActiveRecord::InternalMetadata Update (0.2ms)[0m  [1m[33mUPDATE "ar_internal_metadata" SET "value" = ?, "updated_at" = ? WHERE "ar_internal_metadata"."key" = ?[0m  [["value", "test"], ["updated_at", "2018-05-30 00:30:13.989740"], ["key", "environment"]]
  ↳ /Users/tschmelmer/.rbenv/versions/2.4.1/lib/ruby/gems/2.4.0/gems/rake-12.3.1/lib/rake/task.rb:271
  [1m[35m (0.5ms)[0m  [1m[36mcommit transaction[0m
  ↳ /Users/tschmelmer/.rbenv/versions/2.4.1/lib/ruby/gems/2.4.0/gems/rake-12.3.1/lib/rake/task.rb:271
